Arguments: 
  /Users/garrettflynn/.nvm/versions/node/v16.13.0/bin/node /usr/local/bin/yarn start

PATH: 
  /Users/garrettflynn/.nvm/versions/node/v16.13.0/bin:/opt/anaconda3/bin:/opt/anaconda3/condabin:/opt/apache-maven-3.6.3/bin:/Users/garrettflynn/bin:/usr/local/bin:/Library/Frameworks/Python.framework/Versions/3.8/bin:/usr/local/bin:/usr/bin:/bin:/usr/sbin:/sbin:/usr/local/Cellar/mongodb-community-shell/4.2.0:/usr/local/share/dotnet:~/.dotnet/tools:/Library/Apple/usr/bin:/Library/Frameworks/Mono.framework/Versions/Current/Commands:/Users/garrettflynn/.cargo/bin:/usr/ucb

Yarn version: 
  1.22.11

Node version: 
  16.13.0

Platform: 
  darwin x64

Trace: 
  SyntaxError: /Users/garrettflynn/Documents/Github/freerange/freerange-core/package.json: Unexpected token } in JSON at position 307
      at JSON.parse (<anonymous>)
      at /usr/local/lib/node_modules/yarn/lib/cli.js:1625:59
      at Generator.next (<anonymous>)
      at step (/usr/local/lib/node_modules/yarn/lib/cli.js:310:30)
      at /usr/local/lib/node_modules/yarn/lib/cli.js:321:13

npm manifest: 
  {
    "name": "freerange",
    "version": "0.0.18",
    "type": "module",
    "description": "File import and export utilities with free range-request support for remote files",
    "main": "dist/index.js",
    "license": "AGPL-3.0-or-later",
    "scripts": {
      "start": "tinybuild",
      "build": "rollup -c && tsc",
    },
    "devDependencies": {
      "@babel/core": "^7.17.2",
      "@babel/plugin-proposal-class-properties": "^7.16.7",
      "@babel/preset-env": "^7.16.11",
      "@rollup/plugin-babel": "^5.3.0",
      "@rollup/plugin-commonjs": "^21.0.1",
      "@rollup/plugin-json": "^4.1.0",
      "@rollup/plugin-node-resolve": "^13.1.3",
      "@web/rollup-plugin-copy": "^0.3.0",
      "rollup": "^2.67.2",
      "rollup-plugin-import-css": "^3.0.2",
      "rollup-plugin-minify-html-literals": "^1.2.6",
      "rollup-plugin-polyfill": "^4.0.0",
      "rollup-plugin-summary": "^1.3.0",
      "rollup-plugin-terser": "^7.0.2",
      "rollup-plugin-typescript2": "^0.31.2"
    },
    "dependencies": {
      "idb-keyval": "^6.1.0",
      "pako": "^2.0.4",
      "tinybuild": "^0.3.141"
    }
  }

yarn manifest: 
  No manifest

Lockfile: 
  No lockfile
